<?xml version="1.0" encoding="UTF-8"?>
<!-- Generated by org.testng.reporters.JUnitXMLReporter -->
<testsuite ignored="0" hostname="Siddharths-Mac.local" failures="1" tests="3" name="Test" time="3.968" errors="0" timestamp="2024-02-16T08:38:08 IST">
  <testcase classname="TestNG.Revision" name="openBrowser" time="1.446"/>
  <testcase classname="TestNG.Revision" name="login" time="2.443">
    <failure type="java.lang.AssertionError" message="expected:&amp;lt;Google&amp;gt; but was:&amp;lt;Google1&amp;gt;">
      <![CDATA[java.lang.AssertionError: expected:<Google> but was:<Google1>
at TestNG.Revision.login(Revision.java:37)
at java.base/java.util.ArrayList.forEach(ArrayList.java:1511)
... Removed 29 stack frames]]>
    </failure>
  </testcase> <!-- login -->
  <testcase classname="TestNG.Revision" name="closeBrowser" time="0.052"/>
</testsuite> <!-- Test -->
