<?xml version="1.0" encoding="UTF-8"?>
<!-- Generated by org.testng.reporters.JUnitXMLReporter -->
<testsuite ignored="0" hostname="Siddharths-MacBook-Air.local" failures="1" tests="3" name="Test" time="2.935" errors="0" timestamp="2023-10-23T17:07:34 IST">
  <testcase classname="TestNG.Revision" name="openBrowser" time="1.215"/>
  <testcase classname="TestNG.Revision" name="login" time="1.64">
    <failure type="java.lang.AssertionError" message="expected:&amp;lt;Google&amp;gt; but was:&amp;lt;Google1&amp;gt;">
      <![CDATA[java.lang.AssertionError: expected:<Google> but was:<Google1>
at TestNG.Revision.login(Revision.java:35)
at java.base/java.util.ArrayList.forEach(ArrayList.java:1511)
... Removed 29 stack frames]]>
    </failure>
  </testcase> <!-- login -->
  <testcase classname="TestNG.Revision" name="closeBrowser" time="0.055"/>
</testsuite> <!-- Test -->
