<?xml version="1.0" encoding="UTF-8"?>
<!-- Generated by org.testng.reporters.JUnitXMLReporter -->
<testsuite ignored="3" hostname="Siddharths-Mac.local" failures="0" tests="0" name="Test" time="0.018" errors="0" timestamp="2024-03-20T22:18:40 IST">
  <testcase classname="TestNG.TestNG_Tests" name="site" time="0.0">
    <ignored/>
  </testcase> <!-- site -->
  <testcase classname="TestNG.TestNG_Tests" name="Verify_Title" time="0.0">
    <ignored/>
  </testcase> <!-- Verify_Title -->
  <testcase classname="TestNG.TestNG_Tests" name="lsetdriver" time="0.0">
    <ignored/>
  </testcase> <!-- lsetdriver -->
</testsuite> <!-- Test -->
