<?xml version="1.0" encoding="UTF-8"?>
<!-- Generated by org.testng.reporters.JUnitXMLReporter -->
<testsuite ignored="1" hostname="Siddharths-MacBook-Air.local" failures="0" tests="3" name="GRP-sanity" time="4.141" errors="0" timestamp="2023-07-14T13:37:51 IST">
  <testcase classname="TestNG.TestNG_Tests" name="lsetdriver" time="2.67"/>
  <testcase classname="TestNG.TestNG_Tests" name="site" time="1.434"/>
  <testcase classname="TestNG.TestNG_Tests" name="Verify_Title" time="0.009"/>
  <testcase classname="TestNG.TestNG_Tests" name="closedriver" time="0.0">
    <ignored/>
  </testcase> <!-- closedriver -->
</testsuite> <!-- GRP-sanity -->
