<?xml version="1.0" encoding="UTF-8"?>
<testng-results ignored="0" total="3" passed="3" failed="0" skipped="0">
  <reporter-output>
  </reporter-output>
  <suite started-at="2024-03-20T22:55:06 IST" name="Default suite" finished-at="2024-03-20T22:55:06 IST" duration-ms="25">
    <groups>
      <group name="sanity">
        <method signature="dummyCode._0()[pri:0, instance:TestNG.dummyCode@537f60bf]" name="_0" class="TestNG.dummyCode"/>
        <method signature="dummyCode._1()[pri:0, instance:TestNG.dummyCode@537f60bf]" name="_1" class="TestNG.dummyCode"/>
        <method signature="dummyCode._2()[pri:0, instance:TestNG.dummyCode@537f60bf]" name="_2" class="TestNG.dummyCode"/>
      </group> <!-- sanity -->
    </groups>
    <test started-at="2024-03-20T22:55:06 IST" name="Default test" finished-at="2024-03-20T22:55:06 IST" duration-ms="25">
      <class name="TestNG.dummyCode">
        <test-method is-config="true" signature="beforeSuite()[pri:0, instance:TestNG.dummyCode@537f60bf]" started-at="2024-03-20T22:55:06 IST" name="beforeSuite" finished-at="2024-03-20T22:55:06 IST" duration-ms="4" status="PASS">
          <reporter-output>
          </reporter-output>
        </test-method> <!-- beforeSuite -->
        <test-method is-config="true" signature="beforeTest()[pri:0, instance:TestNG.dummyCode@537f60bf]" started-at="2024-03-20T22:55:06 IST" name="beforeTest" finished-at="2024-03-20T22:55:06 IST" duration-ms="1" status="PASS">
          <reporter-output>
          </reporter-output>
        </test-method> <!-- beforeTest -->
        <test-method is-config="true" signature="beforeClass1()[pri:0, instance:TestNG.dummyCode@537f60bf]" started-at="2024-03-20T22:55:06 IST" name="beforeClass1" finished-at="2024-03-20T22:55:06 IST" duration-ms="0" status="PASS">
          <reporter-output>
          </reporter-output>
        </test-method> <!-- beforeClass1 -->
        <test-method is-config="true" signature="beforeClass2()[pri:0, instance:TestNG.dummyCode@537f60bf]" started-at="2024-03-20T22:55:06 IST" name="beforeClass2" finished-at="2024-03-20T22:55:06 IST" duration-ms="1" status="PASS">
          <reporter-output>
          </reporter-output>
        </test-method> <!-- beforeClass2 -->
        <test-method is-config="true" signature="BeforeMethod()[pri:0, instance:TestNG.dummyCode@537f60bf]" started-at="2024-03-20T22:55:06 IST" name="BeforeMethod" finished-at="2024-03-20T22:55:06 IST" duration-ms="0" status="PASS">
          <reporter-output>
          </reporter-output>
        </test-method> <!-- BeforeMethod -->
        <test-method is-config="true" signature="beforGroup1()[pri:0, instance:TestNG.dummyCode@537f60bf]" started-at="2024-03-20T22:55:06 IST" name="beforGroup1" finished-at="2024-03-20T22:55:06 IST" duration-ms="0" status="PASS">
          <reporter-output>
          </reporter-output>
        </test-method> <!-- beforGroup1 -->
        <test-method signature="_0()[pri:0, instance:TestNG.dummyCode@537f60bf]" started-at="2024-03-20T22:55:06 IST" name="_0" finished-at="2024-03-20T22:55:06 IST" duration-ms="3" status="PASS">
          <reporter-output>
          </reporter-output>
        </test-method> <!-- _0 -->
        <test-method is-config="true" signature="AfterMethod1()[pri:0, instance:TestNG.dummyCode@537f60bf]" started-at="2024-03-20T22:55:06 IST" name="AfterMethod1" finished-at="2024-03-20T22:55:06 IST" duration-ms="0" status="PASS">
          <reporter-output>
          </reporter-output>
        </test-method> <!-- AfterMethod1 -->
        <test-method is-config="true" signature="AfterMethod0()[pri:0, instance:TestNG.dummyCode@537f60bf]" started-at="2024-03-20T22:55:06 IST" name="AfterMethod0" finished-at="2024-03-20T22:55:06 IST" duration-ms="0" status="PASS">
          <reporter-output>
          </reporter-output>
        </test-method> <!-- AfterMethod0 -->
        <test-method signature="_1()[pri:0, instance:TestNG.dummyCode@537f60bf]" started-at="2024-03-20T22:55:06 IST" name="_1" finished-at="2024-03-20T22:55:06 IST" duration-ms="1" status="PASS">
          <reporter-output>
          </reporter-output>
        </test-method> <!-- _1 -->
        <test-method is-config="true" signature="BeforeMethod()[pri:0, instance:TestNG.dummyCode@537f60bf]" started-at="2024-03-20T22:55:06 IST" name="BeforeMethod" finished-at="2024-03-20T22:55:06 IST" duration-ms="0" status="PASS">
          <reporter-output>
          </reporter-output>
        </test-method> <!-- BeforeMethod -->
        <test-method signature="_2()[pri:0, instance:TestNG.dummyCode@537f60bf]" started-at="2024-03-20T22:55:06 IST" name="_2" finished-at="2024-03-20T22:55:06 IST" duration-ms="1" status="PASS">
          <reporter-output>
          </reporter-output>
        </test-method> <!-- _2 -->
        <test-method is-config="true" signature="AfterMethod0()[pri:0, instance:TestNG.dummyCode@537f60bf]" started-at="2024-03-20T22:55:06 IST" name="AfterMethod0" finished-at="2024-03-20T22:55:06 IST" duration-ms="0" status="PASS">
          <reporter-output>
          </reporter-output>
        </test-method> <!-- AfterMethod0 -->
        <test-method is-config="true" signature="AfterMethod1()[pri:0, instance:TestNG.dummyCode@537f60bf]" started-at="2024-03-20T22:55:06 IST" name="AfterMethod1" finished-at="2024-03-20T22:55:06 IST" duration-ms="0" status="PASS">
          <reporter-output>
          </reporter-output>
        </test-method> <!-- AfterMethod1 -->
        <test-method is-config="true" signature="BeforeMethod()[pri:0, instance:TestNG.dummyCode@537f60bf]" started-at="2024-03-20T22:55:06 IST" name="BeforeMethod" finished-at="2024-03-20T22:55:06 IST" duration-ms="0" status="PASS">
          <reporter-output>
          </reporter-output>
        </test-method> <!-- BeforeMethod -->
        <test-method is-config="true" signature="AfterMethod0()[pri:0, instance:TestNG.dummyCode@537f60bf]" started-at="2024-03-20T22:55:06 IST" name="AfterMethod0" finished-at="2024-03-20T22:55:06 IST" duration-ms="1" status="PASS">
          <reporter-output>
          </reporter-output>
        </test-method> <!-- AfterMethod0 -->
        <test-method is-config="true" signature="AfterGroup1()[pri:0, instance:TestNG.dummyCode@537f60bf]" started-at="2024-03-20T22:55:06 IST" name="AfterGroup1" finished-at="2024-03-20T22:55:06 IST" duration-ms="0" status="PASS">
          <reporter-output>
          </reporter-output>
        </test-method> <!-- AfterGroup1 -->
        <test-method is-config="true" signature="AfterMethod1()[pri:0, instance:TestNG.dummyCode@537f60bf]" started-at="2024-03-20T22:55:06 IST" name="AfterMethod1" finished-at="2024-03-20T22:55:06 IST" duration-ms="0" status="PASS">
          <reporter-output>
          </reporter-output>
        </test-method> <!-- AfterMethod1 -->
        <test-method is-config="true" signature="AfterClass()[pri:0, instance:TestNG.dummyCode@537f60bf]" started-at="2024-03-20T22:55:06 IST" name="AfterClass" finished-at="2024-03-20T22:55:06 IST" duration-ms="0" status="PASS">
          <reporter-output>
          </reporter-output>
        </test-method> <!-- AfterClass -->
        <test-method is-config="true" signature="AfterTest()[pri:0, instance:TestNG.dummyCode@537f60bf]" started-at="2024-03-20T22:55:06 IST" name="AfterTest" finished-at="2024-03-20T22:55:06 IST" duration-ms="0" status="PASS">
          <reporter-output>
          </reporter-output>
        </test-method> <!-- AfterTest -->
        <test-method is-config="true" signature="AfterSuite()[pri:0, instance:TestNG.dummyCode@537f60bf]" started-at="2024-03-20T22:55:07 IST" name="AfterSuite" finished-at="2024-03-20T22:55:07 IST" duration-ms="1" status="PASS">
          <reporter-output>
          </reporter-output>
        </test-method> <!-- AfterSuite -->
      </class> <!-- TestNG.dummyCode -->
    </test> <!-- Default test -->
  </suite> <!-- Default suite -->
</testng-results>
